  tkPathFinding.cpp
  tkKeyInput.cpp
  tkPad.cpp
  tkSoundEngine.cpp
  tkSoundSource.cpp
  tkWaveFile.cpp
  tkGameObject.cpp
  tkgameobjectmanager.cpp
  tkFxaa.cpp
  tkPostEffect.cpp
  tkIDMap.cpp
  tkPreRender.cpp
  tkReflectionMap.cpp
  tkShadowCaster.cpp
  tkShadowMap.cpp
  tkSprite.cpp
  tkFont.cpp
  tkGaussianBlur.cpp
  tkIndexBuffer.cpp
  tkPrimitive.cpp
  コードを生成中...
  コンパイル中...
  tkRenderCommandBuffer.cpp
  tkRenderContext.cpp
  tkRenderTarget.cpp
  tkSkinModel.cpp
  tkSkinModelData.cpp
  tkSkinModelMaterial.cpp
  tkTexture.cpp
  tkVertexBuffer.cpp
  tkMath.cpp
  tkMatrix.cpp
  tkVector.cpp
  tkParticle.cpp
  tkParticleEmitter.cpp
  tkParticleResources.cpp
  tkMeshCollider.cpp
  tkPhysics.cpp
  tkRigidBody.cpp
  tkSphereCollider.cpp
  tkRandom.cpp
  tkSkinModelDataHandle.cpp
  コードを生成中...
  コンパイル中...
  tkSkinModelDataResources.cpp
  tkShapeBase.cpp
  tkSphereShape.cpp
shape\tkSphereShape.cpp(41): warning C4267: '引数': 'size_t' から 'int' に変換しました。データが失われているかもしれません。
shape\tkSphereShape.cpp(61): warning C4267: '引数': 'size_t' から 'int' に変換しました。データが失われているかもしれません。
  コードを生成中...
d3d9.lib(d3d9.dll) : warning LNK4006: __NULL_IMPORT_DESCRIPTOR は d3dx9.lib(d3dx9_43.dll) で定義されています。2 つ目以降の定義は無視されます。
XInput.lib(XINPUT1_3.dll) : warning LNK4006: __NULL_IMPORT_DESCRIPTOR は d3dx9.lib(d3dx9_43.dll) で定義されています。2 つ目以降の定義は無視されます。
  tkEngine.vcxproj -> C:\Users\kbc16\OneDrive\ドキュメント\github\HFF\FlyingGG\Game\x64\Release\tkEngine.lib
